<?xml version="1.0" encoding="UTF-8"?>
<!-- Generated by org.testng.reporters.JUnitReportReporter -->
<testsuite hostname="aj-pc" failures="0" tests="1" name="ltm_testcases.LTM_Upgradepatch" time="98.293" errors="0" timestamp="2022-11-08T15:32:22 IST" skipped="0">
  <testcase classname="ltm_testcases.LTM_Upgradepatch" name="LTMRHS" time="98.293"/>
</testsuite> <!-- ltm_testcases.LTM_Upgradepatch -->
