<?xml version="1.0" encoding="UTF-8"?>
<!-- Generated by org.testng.reporters.JUnitReportReporter -->
<testsuite hostname="aj-pc" failures="0" tests="1" name="ltm_Utility.CreateDirectory" time="0.006" errors="0" timestamp="2022-09-26T12:46:07 IST" skipped="0">
  <testcase classname="ltm_Utility.CreateDirectory" name="CreateADirectory" time="0.006"/>
</testsuite> <!-- ltm_Utility.CreateDirectory -->
