<?xml version="1.0" encoding="UTF-8"?>
<!-- Generated by org.testng.reporters.JUnitReportReporter -->
<testsuite hostname="aj-pc" failures="0" tests="1" name="ltm_testcases.LTM_RDPConnection" time="163.067" errors="0" timestamp="2022-11-08T15:32:22 IST" skipped="0">
  <testcase classname="ltm_testcases.LTM_RDPConnection" name="LTMRDPConnection" time="163.067"/>
</testsuite> <!-- ltm_testcases.LTM_RDPConnection -->
