<?xml version="1.0" encoding="UTF-8"?>
<!-- Generated by org.testng.reporters.JUnitReportReporter -->
<testsuite hostname="aj-pc" failures="0" tests="1" name="ltm_testcases.LTM_Browserconnection" time="100.270" errors="0" timestamp="2022-11-09T11:14:30 IST" skipped="0">
  <testcase classname="ltm_testcases.LTM_Browserconnection" name="LTMBrowserconnection" time="100.270"/>
</testsuite> <!-- ltm_testcases.LTM_Browserconnection -->
