<?xml version="1.0" encoding="UTF-8"?>
<!-- Generated by org.testng.reporters.JUnitReportReporter -->
<testsuite hostname="aj-pc" failures="0" tests="1" name="ltm_testcases.LTMLogin" time="60.074" errors="0" timestamp="2022-11-07T05:37:47 IST" skipped="0">
  <testcase classname="ltm_testcases.LTMLogin" name="login" time="60.074"/>
</testsuite> <!-- ltm_testcases.LTMLogin -->
