<?xml version="1.0" encoding="UTF-8"?>
<!-- Generated by org.testng.reporters.JUnitReportReporter -->
<testsuite hostname="aj-pc" failures="0" tests="1" name="ltm_testcases.LTM_FreeRDP" time="137.563" errors="0" timestamp="2022-11-21T15:44:13 IST" skipped="0">
  <testcase classname="ltm_testcases.LTM_FreeRDP" name="FreeRDP" time="137.563"/>
</testsuite> <!-- ltm_testcases.LTM_FreeRDP -->
