<?xml version="1.0" encoding="UTF-8"?>
<!-- Generated by org.testng.reporters.JUnitReportReporter -->
<testsuite hostname="aj-pc" failures="0" tests="1" name="ltm_testcases.LTM_RDPConnection" time="93.411" errors="0" timestamp="2022-10-06T13:28:51 IST" skipped="0">
  <testcase classname="ltm_testcases.LTM_RDPConnection" name="LTMRDPConnection" time="93.411"/>
  <system-out/>
</testsuite> <!-- ltm_testcases.LTM_RDPConnection -->
